# JRE version: Java(TM) SE Runtime Environment (8.0_241-b07) (build 1.8.0_241-b07)
# Java VM: Java HotSpot(TM) 64-Bit Server VM (25.241-b07 mixed mode linux-amd64 compressed oops)
Heap:
 PSYoungGen      total 65024K, used 36007K [0x00000000d9f80000, 0x00000000e1e80000, 0x0000000100000000)
  eden space 60416K, 51% used [0x00000000d9f80000,0x00000000dbe2ddb8,0x00000000dda80000)
  from space 4608K, 99% used [0x00000000dda80000,0x00000000ddefc010,0x00000000ddf00000)
  to   space 4608K, 0% used [0x00000000e1a00000,0x00000000e1a00000,0x00000000e1e80000)
 ParOldGen       total 79360K, used 6471K [0x000000008de00000, 0x0000000092b80000, 0x00000000d9f80000)
  object space 79360K, 8% used [0x000000008de00000,0x000000008e451ee0,0x0000000092b80000)
 Metaspace       used 17324K, capacity 17790K, committed 17920K, reserved 1064960K
  class space    used 2073K, capacity 2206K, committed 2304K, reserved 1048576K
GC Heap History (6 events):
Event: 0,494 GC heap before
{Heap before GC invocations=1 (full 0):
 PSYoungGen      total 34816K, used 30208K [0x00000000d9f80000, 0x00000000dc600000, 0x0000000100000000)
  eden space 30208K, 100% used [0x00000000d9f80000,0x00000000dbd00000,0x00000000dbd00000)
  from space 4608K, 0% used [0x00000000dc180000,0x00000000dc180000,0x00000000dc600000)
  to   space 4608K, 0% used [0x00000000dbd00000,0x00000000dbd00000,0x00000000dc180000)
 ParOldGen       total 79360K, used 0K [0x000000008de00000, 0x0000000092b80000, 0x00000000d9f80000)
  object space 79360K, 0% used [0x000000008de00000,0x000000008de00000,0x0000000092b80000)
 Metaspace       used 7857K, capacity 8028K, committed 8192K, reserved 1056768K
  class space    used 949K, capacity 1016K, committed 1024K, reserved 1048576K
Event: 0,500 GC heap after
Heap after GC invocations=1 (full 0):
 PSYoungGen      total 34816K, used 4587K [0x00000000d9f80000, 0x00000000de380000, 0x0000000100000000)
  eden space 30208K, 0% used [0x00000000d9f80000,0x00000000d9f80000,0x00000000dbd00000)
  from space 4608K, 99% used [0x00000000dbd00000,0x00000000dc17ac98,0x00000000dc180000)
  to   space 4608K, 0% used [0x00000000ddf00000,0x00000000ddf00000,0x00000000de380000)
 ParOldGen       total 79360K, used 195K [0x000000008de00000, 0x0000000092b80000, 0x00000000d9f80000)
  object space 79360K, 0% used [0x000000008de00000,0x000000008de30fe8,0x0000000092b80000)
 Metaspace       used 7857K, capacity 8028K, committed 8192K, reserved 1056768K
  class space    used 949K, capacity 1016K, committed 1024K, reserved 1048576K
}
Event: 0,777 GC heap before
{Heap before GC invocations=2 (full 0):
 PSYoungGen      total 34816K, used 34795K [0x00000000d9f80000, 0x00000000de380000, 0x0000000100000000)
  eden space 30208K, 100% used [0x00000000d9f80000,0x00000000dbd00000,0x00000000dbd00000)
  from space 4608K, 99% used [0x00000000dbd00000,0x00000000dc17ac98,0x00000000dc180000)
  to   space 4608K, 0% used [0x00000000ddf00000,0x00000000ddf00000,0x00000000de380000)
 ParOldGen       total 79360K, used 195K [0x000000008de00000, 0x0000000092b80000, 0x00000000d9f80000)
  object space 79360K, 0% used [0x000000008de00000,0x000000008de30fe8,0x0000000092b80000)
 Metaspace       used 10914K, capacity 11122K, committed 11264K, reserved 1058816K
  class space    used 1335K, capacity 1446K, committed 1536K, reserved 1048576K
Event: 0,782 GC heap after
Heap after GC invocations=2 (full 0):
 PSYoungGen      total 65024K, used 4583K [0x00000000d9f80000, 0x00000000de380000, 0x0000000100000000)
  eden space 60416K, 0% used [0x00000000d9f80000,0x00000000d9f80000,0x00000000dda80000)
  from space 4608K, 99% used [0x00000000ddf00000,0x00000000de379e60,0x00000000de380000)
  to   space 4608K, 0% used [0x00000000dda80000,0x00000000dda80000,0x00000000ddf00000)
 ParOldGen       total 79360K, used 1855K [0x000000008de00000, 0x0000000092b80000, 0x00000000d9f80000)
  object space 79360K, 2% used [0x000000008de00000,0x000000008dfcfd68,0x0000000092b80000)
 Metaspace       used 10914K, capacity 11122K, committed 11264K, reserved 1058816K
  class space    used 1335K, capacity 1446K, committed 1536K, reserved 1048576K
}
Event: 1,625 GC heap before
{Heap before GC invocations=3 (full 0):
 PSYoungGen      total 65024K, used 64999K [0x00000000d9f80000, 0x00000000de380000, 0x0000000100000000)
  eden space 60416K, 100% used [0x00000000d9f80000,0x00000000dda80000,0x00000000dda80000)
  from space 4608K, 99% used [0x00000000ddf00000,0x00000000de379e60,0x00000000de380000)
  to   space 4608K, 0% used [0x00000000dda80000,0x00000000dda80000,0x00000000ddf00000)
 ParOldGen       total 79360K, used 1855K [0x000000008de00000, 0x0000000092b80000, 0x00000000d9f80000)
  object space 79360K, 2% used [0x000000008de00000,0x000000008dfcfd68,0x0000000092b80000)
 Metaspace       used 15973K, capacity 16474K, committed 16768K, reserved 1064960K
  class space    used 1937K, capacity 2062K, committed 2176K, reserved 1048576K
Event: 1,640 GC heap after
Heap after GC invocations=3 (full 0):
 PSYoungGen      total 65024K, used 4592K [0x00000000d9f80000, 0x00000000e1e80000, 0x0000000100000000)
  eden space 60416K, 0% used [0x00000000d9f80000,0x00000000d9f80000,0x00000000dda80000)
  from space 4608K, 99% used [0x00000000dda80000,0x00000000ddefc010,0x00000000ddf00000)
  to   space 4608K, 0% used [0x00000000e1a00000,0x00000000e1a00000,0x00000000e1e80000)
 ParOldGen       total 79360K, used 6471K [0x000000008de00000, 0x0000000092b80000, 0x00000000d9f80000)
  object space 79360K, 8% used [0x000000008de00000,0x000000008e451ee0,0x0000000092b80000)
 Metaspace       used 15973K, capacity 16474K, committed 16768K, reserved 1064960K
  class space    used 1937K, capacity 2062K, committed 2176K, reserved 1048576K
}

